# JRE version: OpenJDK Runtime Environment Temurin-17.0.10+7 (17.0.10+7) (build 17.0.10+7)
# Java VM: OpenJDK 64-Bit Server VM Temurin-17.0.10+7 (17.0.10+7, mixed mode, emulated-client, tiered, compressed oops, compressed class ptrs, g1 gc, windows-amd64)
GC Precious Log:
 CPUs: 8 total, 8 available
 Memory: 8025M
 Large Page Support: Disabled
 NUMA Support: Disabled
 Compressed Oops: Enabled (32-bit)
 Heap Region Size: 1M
 Heap Min Capacity: 8M
 Heap Initial Capacity: 126M
 Heap Max Capacity: 1G
 Pre-touch: Disabled
 Parallel Workers: 8
 Concurrent Workers: 2
 Concurrent Refinement Workers: 8
 Periodic GC: Disabled
Heap:
 garbage-first heap   total 107520K, used 34726K [0x00000000c0000000, 0x0000000100000000)
  region size 1024K, 1 young (1024K), 0 survivors (0K)
 Metaspace       used 61571K, committed 62016K, reserved 1114112K
  class space    used 7425K, committed 7616K, reserved 1048576K
GC Heap History (20 events):
Event: 185084.670 GC heap before
{Heap before GC invocations=16957 (full 16562):
 garbage-first heap   total 107520K, used 34726K [0x00000000c0000000, 0x0000000100000000)
  region size 1024K, 1 young (1024K), 0 survivors (0K)
 Metaspace       used 61571K, committed 62016K, reserved 1114112K
  class space    used 7425K, committed 7616K, reserved 1048576K
}
Event: 185084.718 GC heap after
{Heap after GC invocations=16958 (full 16563):
 garbage-first heap   total 107520K, used 34726K [0x00000000c0000000, 0x0000000100000000)
  region size 1024K, 0 young (0K), 0 survivors (0K)
 Metaspace       used 61571K, committed 62016K, reserved 1114112K
  class space    used 7425K, committed 7616K, reserved 1048576K
}
Event: 185095.020 GC heap before
{Heap before GC invocations=16958 (full 16563):
 garbage-first heap   total 107520K, used 34726K [0x00000000c0000000, 0x0000000100000000)
  region size 1024K, 1 young (1024K), 0 survivors (0K)
 Metaspace       used 61571K, committed 62016K, reserved 1114112K
  class space    used 7425K, committed 7616K, reserved 1048576K
}
Event: 185095.066 GC heap after
{Heap after GC invocations=16959 (full 16564):
 garbage-first heap   total 107520K, used 34726K [0x00000000c0000000, 0x0000000100000000)
  region size 1024K, 0 young (0K), 0 survivors (0K)
 Metaspace       used 61571K, committed 62016K, reserved 1114112K
  class space    used 7425K, committed 7616K, reserved 1048576K
}
Event: 185105.371 GC heap before
{Heap before GC invocations=16959 (full 16564):
 garbage-first heap   total 107520K, used 34726K [0x00000000c0000000, 0x0000000100000000)
  region size 1024K, 1 young (1024K), 0 survivors (0K)
 Metaspace       used 61571K, committed 62016K, reserved 1114112K
  class space    used 7425K, committed 7616K, reserved 1048576K
}
Event: 185105.410 GC heap after
{Heap after GC invocations=16960 (full 16565):
 garbage-first heap   total 107520K, used 34726K [0x00000000c0000000, 0x0000000100000000)
  region size 1024K, 0 young (0K), 0 survivors (0K)
 Metaspace       used 61571K, committed 62016K, reserved 1114112K
  class space    used 7425K, committed 7616K, reserved 1048576K
}
Event: 185115.655 GC heap before
{Heap before GC invocations=16960 (full 16565):
 garbage-first heap   total 107520K, used 34726K [0x00000000c0000000, 0x0000000100000000)
  region size 1024K, 1 young (1024K), 0 survivors (0K)
 Metaspace       used 61571K, committed 62016K, reserved 1114112K
  class space    used 7425K, committed 7616K, reserved 1048576K
}
Event: 185115.688 GC heap after
{Heap after GC invocations=16961 (full 16566):
 garbage-first heap   total 107520K, used 34726K [0x00000000c0000000, 0x0000000100000000)
  region size 1024K, 0 young (0K), 0 survivors (0K)
 Metaspace       used 61571K, committed 62016K, reserved 1114112K
  class space    used 7425K, committed 7616K, reserved 1048576K
}
Event: 185125.950 GC heap before
{Heap before GC invocations=16961 (full 16566):
 garbage-first heap   total 107520K, used 34726K [0x00000000c0000000, 0x0000000100000000)
  region size 1024K, 1 young (1024K), 0 survivors (0K)
 Metaspace       used 61571K, committed 62016K, reserved 1114112K
  class space    used 7425K, committed 7616K, reserved 1048576K
}
Event: 185125.982 GC heap after
{Heap after GC invocations=16962 (full 16567):
 garbage-first heap   total 107520K, used 34726K [0x00000000c0000000, 0x0000000100000000)
  region size 1024K, 0 young (0K), 0 survivors (0K)
 Metaspace       used 61571K, committed 62016K, reserved 1114112K
  class space    used 7425K, committed 7616K, reserved 1048576K
}
Event: 185136.244 GC heap before
{Heap before GC invocations=16962 (full 16567):
 garbage-first heap   total 107520K, used 34726K [0x00000000c0000000, 0x0000000100000000)
  region size 1024K, 1 young (1024K), 0 survivors (0K)
 Metaspace       used 61571K, committed 62016K, reserved 1114112K
  class space    used 7425K, committed 7616K, reserved 1048576K
}
Event: 185136.280 GC heap after
{Heap after GC invocations=16963 (full 16568):
 garbage-first heap   total 107520K, used 34726K [0x00000000c0000000, 0x0000000100000000)
  region size 1024K, 0 young (0K), 0 survivors (0K)
 Metaspace       used 61571K, committed 62016K, reserved 1114112K
  class space    used 7425K, committed 7616K, reserved 1048576K
}
Event: 185146.571 GC heap before
{Heap before GC invocations=16963 (full 16568):
 garbage-first heap   total 107520K, used 34726K [0x00000000c0000000, 0x0000000100000000)
  region size 1024K, 1 young (1024K), 0 survivors (0K)
 Metaspace       used 61571K, committed 62016K, reserved 1114112K
  class space    used 7425K, committed 7616K, reserved 1048576K
}
Event: 185146.605 GC heap after
{Heap after GC invocations=16964 (full 16569):
 garbage-first heap   total 107520K, used 34726K [0x00000000c0000000, 0x0000000100000000)
  region size 1024K, 0 young (0K), 0 survivors (0K)
 Metaspace       used 61571K, committed 62016K, reserved 1114112K
  class space    used 7425K, committed 7616K, reserved 1048576K
}
Event: 185156.917 GC heap before
{Heap before GC invocations=16964 (full 16569):
 garbage-first heap   total 107520K, used 34726K [0x00000000c0000000, 0x0000000100000000)
  region size 1024K, 1 young (1024K), 0 survivors (0K)
 Metaspace       used 61571K, committed 62016K, reserved 1114112K
  class space    used 7425K, committed 7616K, reserved 1048576K
}
Event: 185156.956 GC heap after
{Heap after GC invocations=16965 (full 16570):
 garbage-first heap   total 107520K, used 34726K [0x00000000c0000000, 0x0000000100000000)
  region size 1024K, 0 young (0K), 0 survivors (0K)
 Metaspace       used 61571K, committed 62016K, reserved 1114112K
  class space    used 7425K, committed 7616K, reserved 1048576K
}
Event: 185167.272 GC heap before
{Heap before GC invocations=16965 (full 16570):
 garbage-first heap   total 107520K, used 34726K [0x00000000c0000000, 0x0000000100000000)
  region size 1024K, 1 young (1024K), 0 survivors (0K)
 Metaspace       used 61571K, committed 62016K, reserved 1114112K
  class space    used 7425K, committed 7616K, reserved 1048576K
}
Event: 185167.314 GC heap after
{Heap after GC invocations=16966 (full 16571):
 garbage-first heap   total 107520K, used 34726K [0x00000000c0000000, 0x0000000100000000)
  region size 1024K, 0 young (0K), 0 survivors (0K)
 Metaspace       used 61571K, committed 62016K, reserved 1114112K
  class space    used 7425K, committed 7616K, reserved 1048576K
}
Event: 185177.613 GC heap before
{Heap before GC invocations=16966 (full 16571):
 garbage-first heap   total 107520K, used 34726K [0x00000000c0000000, 0x0000000100000000)
  region size 1024K, 1 young (1024K), 0 survivors (0K)
 Metaspace       used 61571K, committed 62016K, reserved 1114112K
  class space    used 7425K, committed 7616K, reserved 1048576K
}
Event: 185177.655 GC heap after
{Heap after GC invocations=16967 (full 16572):
 garbage-first heap   total 107520K, used 34726K [0x00000000c0000000, 0x0000000100000000)
  region size 1024K, 0 young (0K), 0 survivors (0K)
 Metaspace       used 61571K, committed 62016K, reserved 1114112K
  class space    used 7425K, committed 7616K, reserved 1048576K
}

